{"uuid":"560e3eb7-7fa8-4fef-8623-f1668e2f5661","historyId":"37b39e6ae9bdd7397ff30c00fbbae52","fullName":"features/login.feature:8","labels":[{"name":"tag","value":"smoke"},{"name":"host","value":"MSI"},{"name":"thread","value":"32876@MSI.ForkJoinPool-2-worker-2(47)"},{"name":"feature","value":"Login functionality - the-internet.herokuapp.com"},{"name":"story","value":"Valid Login"},{"name":"suite","value":"Login functionality - the-internet.herokuapp.com"},{"name":"testClass","value":"Valid Login"},{"name":"framework","value":"cucumber4jvm"},{"name":"language","value":"java"},{"name":"gherkin_uri","value":"classpath:features/login.feature"},{"name":"package","value":"features.login_feature.Login functionality - the-internet.herokuapp.com"}],"links":[],"name":"Valid Login","status":"broken","statusDetails":{"known":false,"muted":false,"flaky":false,"message":"Session ID is null. Using WebDriver after calling quit()?\nBuild info: version: '4.20.0', revision: '866c76ca80'\nSystem info: os.name: 'Windows 11', os.arch: 'amd64', os.version: '10.0', java.version: '21.0.7'\nDriver info: org.openqa.selenium.chrome.ChromeDriver\nCommand: [null, findElement {using=id, value=username}]\nCapabilities {acceptInsecureCerts: false, browserName: chrome, browserVersion: 140.0.7339.208, chrome: {chromedriverVersion: 140.0.7339.207 (17230b545fd..., userDataDir: C:\\Users\\bhanu\\AppData\\Loca...}, fedcm:accounts: true, goog:chromeOptions: {debuggerAddress: localhost:49736}, networkConnectionEnabled: false, pageLoadStrategy: normal, platformName: windows, proxy: Proxy(), se:cdp: ws://localhost:49736/devtoo..., se:cdpVersion: 140.0.7339.208, setWindowRect: true, strictFileInteractability: false, timeouts: {implicit: 0, pageLoad: 300000, script: 30000}, unhandledPromptBehavior: dismiss and notify, webauthn:extension:credBlob: true, webauthn:extension:largeBlob: true, webauthn:extension:minPinLength: true, webauthn:extension:prf: true, webauthn:virtualAuthenticators: true}","trace":"org.openqa.selenium.NoSuchSessionException: Session ID is null. Using WebDriver after calling quit()?\nBuild info: version: '4.20.0', revision: '866c76ca80'\nSystem info: os.name: 'Windows 11', os.arch: 'amd64', os.version: '10.0', java.version: '21.0.7'\nDriver info: org.openqa.selenium.chrome.ChromeDriver\nCommand: [null, findElement {using=id, value=username}]\nCapabilities {acceptInsecureCerts: false, browserName: chrome, browserVersion: 140.0.7339.208, chrome: {chromedriverVersion: 140.0.7339.207 (17230b545fd..., userDataDir: C:\\Users\\bhanu\\AppData\\Loca...}, fedcm:accounts: true, goog:chromeOptions: {debuggerAddress: localhost:49736}, networkConnectionEnabled: false, pageLoadStrategy: normal, platformName: windows, proxy: Proxy(), se:cdp: ws://localhost:49736/devtoo..., se:cdpVersion: 140.0.7339.208, setWindowRect: true, strictFileInteractability: false, timeouts: {implicit: 0, pageLoad: 300000, script: 30000}, unhandledPromptBehavior: dismiss and notify, webauthn:extension:credBlob: true, webauthn:extension:largeBlob: true, webauthn:extension:minPinLength: true, webauthn:extension:prf: true, webauthn:virtualAuthenticators: true}\r\n\tat org.openqa.selenium.remote.HttpCommandExecutor.execute(HttpCommandExecutor.java:151)\r\n\tat org.openqa.selenium.remote.service.DriverCommandExecutor.invokeExecute(DriverCommandExecutor.java:216)\r\n\tat org.openqa.selenium.remote.service.DriverCommandExecutor.execute(DriverCommandExecutor.java:174)\r\n\tat org.openqa.selenium.remote.RemoteWebDriver.execute(RemoteWebDriver.java:518)\r\n\tat org.openqa.selenium.remote.ElementLocation$ElementFinder$2.findElement(ElementLocation.java:165)\r\n\tat org.openqa.selenium.remote.ElementLocation.findElement(ElementLocation.java:59)\r\n\tat org.openqa.selenium.remote.RemoteWebDriver.findElement(RemoteWebDriver.java:355)\r\n\tat org.openqa.selenium.remote.RemoteWebDriver.findElement(RemoteWebDriver.java:349)\r\n\tat com.example.pages.LoginPage.setUsername(LoginPage.java:25)\r\n\tat com.example.steps.LoginSteps.the_user_enters_username_and_password(LoginSteps.java:25)\r\n\tat ✽.the user enters username \"tomsmith\" and password \"SuperSecretPassword!\"(classpath:features/login.feature:9)\r\n"},"stage":"finished","steps":[{"name":"Given  the user navigates to the login page","status":"passed","statusDetails":{"known":false,"muted":false,"flaky":false},"stage":"finished","steps":[],"attachments":[],"parameters":[],"start":1759192694805,"stop":1759192701767},{"name":"When  the user enters username \"tomsmith\" and password \"SuperSecretPassword!\"","status":"broken","statusDetails":{"known":false,"muted":false,"flaky":false,"message":"Session ID is null. Using WebDriver after calling quit()?\nBuild info: version: '4.20.0', revision: '866c76ca80'\nSystem info: os.name: 'Windows 11', os.arch: 'amd64', os.version: '10.0', java.version: '21.0.7'\nDriver info: org.openqa.selenium.chrome.ChromeDriver\nCommand: [null, findElement {using=id, value=username}]\nCapabilities {acceptInsecureCerts: false, browserName: chrome, browserVersion: 140.0.7339.208, chrome: {chromedriverVersion: 140.0.7339.207 (17230b545fd..., userDataDir: C:\\Users\\bhanu\\AppData\\Loca...}, fedcm:accounts: true, goog:chromeOptions: {debuggerAddress: localhost:49736}, networkConnectionEnabled: false, pageLoadStrategy: normal, platformName: windows, proxy: Proxy(), se:cdp: ws://localhost:49736/devtoo..., se:cdpVersion: 140.0.7339.208, setWindowRect: true, strictFileInteractability: false, timeouts: {implicit: 0, pageLoad: 300000, script: 30000}, unhandledPromptBehavior: dismiss and notify, webauthn:extension:credBlob: true, webauthn:extension:largeBlob: true, webauthn:extension:minPinLength: true, webauthn:extension:prf: true, webauthn:virtualAuthenticators: true}","trace":"org.openqa.selenium.NoSuchSessionException: Session ID is null. Using WebDriver after calling quit()?\nBuild info: version: '4.20.0', revision: '866c76ca80'\nSystem info: os.name: 'Windows 11', os.arch: 'amd64', os.version: '10.0', java.version: '21.0.7'\nDriver info: org.openqa.selenium.chrome.ChromeDriver\nCommand: [null, findElement {using=id, value=username}]\nCapabilities {acceptInsecureCerts: false, browserName: chrome, browserVersion: 140.0.7339.208, chrome: {chromedriverVersion: 140.0.7339.207 (17230b545fd..., userDataDir: C:\\Users\\bhanu\\AppData\\Loca...}, fedcm:accounts: true, goog:chromeOptions: {debuggerAddress: localhost:49736}, networkConnectionEnabled: false, pageLoadStrategy: normal, platformName: windows, proxy: Proxy(), se:cdp: ws://localhost:49736/devtoo..., se:cdpVersion: 140.0.7339.208, setWindowRect: true, strictFileInteractability: false, timeouts: {implicit: 0, pageLoad: 300000, script: 30000}, unhandledPromptBehavior: dismiss and notify, webauthn:extension:credBlob: true, webauthn:extension:largeBlob: true, webauthn:extension:minPinLength: true, webauthn:extension:prf: true, webauthn:virtualAuthenticators: true}\r\n\tat org.openqa.selenium.remote.HttpCommandExecutor.execute(HttpCommandExecutor.java:151)\r\n\tat org.openqa.selenium.remote.service.DriverCommandExecutor.invokeExecute(DriverCommandExecutor.java:216)\r\n\tat org.openqa.selenium.remote.service.DriverCommandExecutor.execute(DriverCommandExecutor.java:174)\r\n\tat org.openqa.selenium.remote.RemoteWebDriver.execute(RemoteWebDriver.java:518)\r\n\tat org.openqa.selenium.remote.ElementLocation$ElementFinder$2.findElement(ElementLocation.java:165)\r\n\tat org.openqa.selenium.remote.ElementLocation.findElement(ElementLocation.java:59)\r\n\tat org.openqa.selenium.remote.RemoteWebDriver.findElement(RemoteWebDriver.java:355)\r\n\tat org.openqa.selenium.remote.RemoteWebDriver.findElement(RemoteWebDriver.java:349)\r\n\tat com.example.pages.LoginPage.setUsername(LoginPage.java:25)\r\n\tat com.example.steps.LoginSteps.the_user_enters_username_and_password(LoginSteps.java:25)\r\n\tat ✽.the user enters username \"tomsmith\" and password \"SuperSecretPassword!\"(classpath:features/login.feature:9)\r\n"},"stage":"finished","steps":[],"attachments":[],"parameters":[],"start":1759192701767,"stop":1759192702916},{"name":"Then  the user should be successfully logged in and redirected to the Secure Area page","status":"skipped","statusDetails":{"known":false,"muted":false,"flaky":false},"stage":"finished","steps":[],"attachments":[],"parameters":[],"start":1759192702917,"stop":1759192702917}],"attachments":[],"parameters":[],"start":1759192692451,"stop":1759192702918}